Jan-06-2026 09:14:21,error,	[Exception in processRequest] 3865175281639284897-3865175281639284897 - Error: Request failed with status code 400 -Error: Request failed with status code 400
    at createError (/Users/pratchayateetus/works be8/Marketing Cloud/Tamson/Tamson CAs/tamson-custom-activity-viber-main/node_modules/axios/lib/core/createError.js:16:15)
    at settle (/Users/pratchayateetus/works be8/Marketing Cloud/Tamson/Tamson CAs/tamson-custom-activity-viber-main/node_modules/axios/lib/core/settle.js:17:12)
    at IncomingMessage.handleStreamEnd (/Users/pratchayateetus/works be8/Marketing Cloud/Tamson/Tamson CAs/tamson-custom-activity-viber-main/node_modules/axios/lib/adapters/http.js:322:11)
    at IncomingMessage.emit (node:events:531:35)
    at endReadableNT (node:internal/streams/readable:1696:12)
    at process.processTicksAndRejections (node:internal/process/task_queues:82:21)
Jan-06-2026 09:32:12,error,	[Exception in processRequest] 3865175281639284897-3865175281639284897 - Error: Request failed with status code 400 -Error: Request failed with status code 400
    at createError (/Users/pratchayateetus/works be8/Marketing Cloud/Tamson/Tamson CAs/tamson-custom-activity-viber-main/node_modules/axios/lib/core/createError.js:16:15)
    at settle (/Users/pratchayateetus/works be8/Marketing Cloud/Tamson/Tamson CAs/tamson-custom-activity-viber-main/node_modules/axios/lib/core/settle.js:17:12)
    at IncomingMessage.handleStreamEnd (/Users/pratchayateetus/works be8/Marketing Cloud/Tamson/Tamson CAs/tamson-custom-activity-viber-main/node_modules/axios/lib/adapters/http.js:322:11)
    at IncomingMessage.emit (node:events:531:35)
    at endReadableNT (node:internal/streams/readable:1696:12)
    at process.processTicksAndRejections (node:internal/process/task_queues:82:21)
Jan-06-2026 09:34:24,error,	[Exception in processRequest] 3865175281639284897-3865175281639284897 - TypeError: Cannot read properties of undefined (reading 'error') -TypeError: Cannot read properties of undefined (reading 'error')
    at process (/Users/pratchayateetus/works be8/Marketing Cloud/Tamson/Tamson CAs/tamson-custom-activity-viber-main/custom-activity/custom_activity_controller.js:130:26)
    at process.processTicksAndRejections (node:internal/process/task_queues:95:5)
    at async controller.execute (/Users/pratchayateetus/works be8/Marketing Cloud/Tamson/Tamson CAs/tamson-custom-activity-viber-main/custom-activity/custom_activity_controller.js:26:13)
Jan-06-2026 09:42:25,error,	[Viber Response Error] - 3865175281639284897-3865175281639284897 - {"error":-16,"message":"Số điện thoại chưa chính xác","data":{}}
Jan-06-2026 09:46:13,error,	[Viber Response Error] - 3865175281639284897-3865175281639284897 - {"error":-16,"message":"Số điện thoại chưa chính xác","data":{}}
Jan-07-2026 13:56:23,error,	[Viber Response Error] - 3865175281639284897-3865175281639284897 - {"error":-16,"message":"Số điện thoại chưa chính xác","data":{}}
Jan-07-2026 16:29:23,error,	[Viber Response Error] - 3865175281639284897-0876542037 - {"error":-34,"message":"IP truy cập bị giới hạn","data":{}}
